<?xml version="1.0" encoding="UTF-8"?>
<!-- Generated by org.testng.reporters.JUnitXMLReporter -->
<testsuite ignored="0" hostname="DESKTOP-S3TPAG9" failures="0" tests="3" name="Default test" time="3.454" errors="0" timestamp="2021-10-18T15:36:12 PDT">
  <testcase classname="Test_01_ACOD_GET" name="test_ACOD_GET_01" time="2.407"/>
  <testcase classname="Test_01_ACOD_GET" name="test_ACOD_GET_02" time="0.472"/>
  <testcase classname="Test_01_ACOD_GET" name="test_ACOD_GET_03" time="0.52"/>
</testsuite> <!-- Default test -->
