<?xml version="1.0" encoding="UTF-8"?>
<testng-results ignored="0" total="3" passed="3" failed="0" skipped="0">
  <reporter-output>
  </reporter-output>
  <suite started-at="2021-10-18T15:36:09 PDT" name="Default suite" finished-at="2021-10-18T15:36:12 PDT" duration-ms="3454">
    <groups>
    </groups>
    <test started-at="2021-10-18T15:36:09 PDT" name="Default test" finished-at="2021-10-18T15:36:12 PDT" duration-ms="3454">
      <class name="Test_01_ACOD_GET">
        <test-method signature="test_ACOD_GET_01()[pri:0, instance:Test_01_ACOD_GET@3315d2d7]" started-at="2021-10-18T15:36:09 PDT" name="test_ACOD_GET_01" finished-at="2021-10-18T15:36:11 PDT" duration-ms="2407" status="PASS">
          <reporter-output>
          </reporter-output>
        </test-method> <!-- test_ACOD_GET_01 -->
        <test-method signature="test_ACOD_GET_02()[pri:0, instance:Test_01_ACOD_GET@3315d2d7]" started-at="2021-10-18T15:36:11 PDT" name="test_ACOD_GET_02" finished-at="2021-10-18T15:36:11 PDT" duration-ms="472" status="PASS">
          <reporter-output>
          </reporter-output>
        </test-method> <!-- test_ACOD_GET_02 -->
        <test-method signature="test_ACOD_GET_03()[pri:0, instance:Test_01_ACOD_GET@3315d2d7]" started-at="2021-10-18T15:36:11 PDT" name="test_ACOD_GET_03" finished-at="2021-10-18T15:36:12 PDT" duration-ms="520" status="PASS">
          <reporter-output>
          </reporter-output>
        </test-method> <!-- test_ACOD_GET_03 -->
      </class> <!-- Test_01_ACOD_GET -->
    </test> <!-- Default test -->
  </suite> <!-- Default suite -->
</testng-results>
